0 info it worked if it ends with ok
1 verbose cli [ 'D:\\pfiles\\nodist/v/0.12.5/node.exe',
1 verbose cli   'D:\\pfiles\\nodist\\bin\\node_modules\\npm\\bin\\npm-cli.js',
1 verbose cli   'install',
1 verbose cli   'mysql' ]
2 info using npm@2.12.0
3 info using node@v0.12.5
4 verbose install initial load of D:\documents\GitHub\jsosero.electron\package.json
5 warn package.json jsosero.electron@1.0.0 No description
6 warn package.json jsosero.electron@1.0.0 No repository field.
7 warn package.json jsosero.electron@1.0.0 No README data
8 verbose readDependencies loading dependencies from D:\documents\GitHub\jsosero.electron\package.json
9 silly cache add args [ 'mysql', null ]
10 verbose cache add spec mysql
11 silly cache add parsed spec { raw: 'mysql',
11 silly cache add   scope: null,
11 silly cache add   name: 'mysql',
11 silly cache add   rawSpec: '',
11 silly cache add   spec: '*',
11 silly cache add   type: 'range' }
12 silly addNamed mysql@*
13 verbose addNamed "*" is a valid semver range for mysql
14 silly addNameRange { name: 'mysql', range: '*', hasData: false }
15 silly mapToRegistry name mysql
16 silly mapToRegistry using default registry
17 silly mapToRegistry registry https://registry.npmjs.org/
18 silly mapToRegistry uri https://registry.npmjs.org/mysql
19 verbose addNameRange registry:https://registry.npmjs.org/mysql not in flight; fetching
20 verbose request uri https://registry.npmjs.org/mysql
21 verbose request no auth needed
22 info attempt registry request try #1 at 00:03:23
23 verbose request id cd3ec1b63334244a
24 http request GET https://registry.npmjs.org/mysql
25 http 200 https://registry.npmjs.org/mysql
26 silly get cb [ 200,
26 silly get   { server: 'CouchDB/1.5.0 (Erlang OTP/R16B03)',
26 silly get     etag: '"4YALJJ5D2PZO1U1LYO3Q9XQ33"',
26 silly get     'content-type': 'application/json',
26 silly get     'cache-control': 'max-age=60',
26 silly get     'content-length': '112235',
26 silly get     'accept-ranges': 'bytes',
26 silly get     date: 'Mon, 29 Jun 2015 15:03:25 GMT',
26 silly get     via: '1.1 varnish',
26 silly get     age: '0',
26 silly get     connection: 'keep-alive',
26 silly get     'x-served-by': 'cache-nrt6121-NRT',
26 silly get     'x-cache': 'HIT',
26 silly get     'x-cache-hits': '1',
26 silly get     'x-timer': 'S1435590205.228943,VS0,VE187',
26 silly get     vary: 'Accept' } ]
27 verbose get saving mysql to C:\Users\Owner\AppData\Roaming\npm-cache\registry.npmjs.org\mysql\.cache.json
28 verbose stack TypeError: undefined is not a function
28 verbose stack     at calculateOwner (D:\pfiles\nodist\bin\node_modules\npm\lib\utils\correct-mkdir.js:37:24)
28 verbose stack     at D:\pfiles\nodist\bin\node_modules\npm\lib\utils\correct-mkdir.js:23:22
28 verbose stack     at FSReqWrap.oncomplete (evalmachine.<anonymous>:95:15)
29 verbose cwd D:\documents\GitHub\jsosero.electron
30 error Windows_NT 6.1.7601
31 error argv "D:\\pfiles\\nodist/v/0.12.5/node.exe" "D:\\pfiles\\nodist\\bin\\node_modules\\npm\\bin\\npm-cli.js" "install" "mysql"
32 error node v0.12.5
33 error npm  v2.12.0
34 error undefined is not a function
35 error If you need help, you may report this error at:
35 error     <https://github.com/npm/npm/issues>
36 verbose exit [ 1, true ]
